Rasa process starting
Added 'nlp_spacy' to component cache. Key 'nlp_spacy-en'.
Available web server routes: 
static                                             OPTIONS, GET, HEAD             /static/[filename]
custom_webhook_CmdlineInput.health                 OPTIONS, GET, HEAD             /webhooks/rest/
custom_webhook_CmdlineInput.receive                OPTIONS, POST                  /webhooks/rest/webhook
Rasa Core server is up and running on http://localhost:5005
Rasa process starting
Added 'nlp_spacy' to component cache. Key 'nlp_spacy-en'.
Available web server routes: 
static                                             GET, OPTIONS, HEAD             /static/[filename]
custom_webhook_CmdlineInput.health                 GET, OPTIONS, HEAD             /webhooks/rest/
custom_webhook_CmdlineInput.receive                OPTIONS, POST                  /webhooks/rest/webhook
Rasa Core server is up and running on http://localhost:5005
Using selector: KqueueSelector
Creating a new tracker for id 'default'.
Received user message 'hi' with intent '{'name': 'greet', 'confidence': 0.20076846107994267}' and entities '[]'
Logged UserUtterance - tracker now has 2 events
Current slot values: 
	DATE: None
	Day: None
	HowLong: None
	NSFW: None
	Nou:  
	TOD: None
	Time: None
	When: None
	date_month: None
	date_or_time: None
	date_year: None
	day_of_month: None
	day_ordinal: None
	email: None
	location: None
	month_and_date: None
	month_name: None
	requested_slot: None
	same_or_different: None
	super: None
	time_am_pm: None
	time_hour: None
	time_minutes: None
	weekday: None
Current tracker state [None, None, {}, {'intent_greet': 1.0, 'prev_action_listen': 1.0}]
There is a memorised next action '14'
There is no active form
Predicted next action using policy_1_MemoizationPolicy
Predicted next action 'utter_greet' with prob 1.00.
Action 'utter_greet' ended with events '[]'
Bot utterance 'BotUttered(text: Heya!, data: {
  "elements": null,
  "buttons": null,
  "attachment": null
})'
Current tracker state [None, {}, {'intent_greet': 1.0, 'prev_action_listen': 1.0}, {'intent_greet': 1.0, 'prev_utter_greet': 1.0}]
There is a memorised next action '107'
There is no active form
Predicted next action using policy_1_MemoizationPolicy
Predicted next action 'utter_ask_who' with prob 1.00.
Action 'utter_ask_who' ended with events '[]'
Bot utterance 'BotUttered(text: Who is this please?, data: {
  "elements": null,
  "buttons": null,
  "attachment": null
})'
Current tracker state [{}, {'intent_greet': 1.0, 'prev_action_listen': 1.0}, {'intent_greet': 1.0, 'prev_utter_greet': 1.0}, {'intent_greet': 1.0, 'prev_utter_ask_who': 1.0}]
There is a memorised next action '0'
There is no active form
Predicted next action using policy_1_MemoizationPolicy
Predicted next action 'action_listen' with prob 1.00.
Action 'action_listen' ended with events '[]'
Recreating tracker for id 'default'
Received user message 'restart' with intent '{'name': 'restart', 'confidence': 0.33547001927283404}' and entities '[]'
Logged UserUtterance - tracker now has 8 events
Current slot values: 
	DATE: None
	Day: None
	HowLong: None
	NSFW: None
	Nou:  
	TOD: None
	Time: None
	When: None
	date_month: None
	date_or_time: None
	date_year: None
	day_of_month: None
	day_ordinal: None
	email: None
	location: None
	month_and_date: None
	month_name: None
	requested_slot: None
	same_or_different: None
	super: None
	time_am_pm: None
	time_hour: None
	time_minutes: None
	weekday: None
Predicted next action 'action_restart' with prob 1.00.
Action 'action_restart' ended with events '['Restarted()']'
Bot utterance 'BotUttered(text: Ok, starting over., data: {
  "elements": null,
  "buttons": null,
  "attachment": null
})'
Predicted next action 'action_listen' with prob 1.00.
Action 'action_listen' ended with events '[]'
Recreating tracker for id 'default'
Received user message 'Hi Forest, thank you for coming back to me and i would be keep to set up a call. Can you let me know what your avail
ability is? Thanks, Sarah' with intent '{'name': 'suggest_day_forest', 'confidence': 0.23372643780304883}' and entities '[{'start': 137, 'end': 142, 'value': 'Sarah', 'entity': 'Nou', 'confidence': 0.856886829786467, 'extractor': 'ner_crf'}, {'entity': 'GPE', 'value': '\n', 'start': 116, 'confidence': None, 'end': 117, 'extractor': 'ner_spacy'}, {'entity': 'PERSON', 'value': 'Sarah', 'start': 137, 'confidence': None, 'end': 142, 'extractor': 'ner_spacy'}]'
Logged UserUtterance - tracker now has 14 events
Current slot values: 
	DATE: None
	Day: None
	HowLong: None
	NSFW: None
	Nou: Sarah
	TOD: None
	Time: None
	When: None
	date_month: None
	date_or_time: None
	date_year: None
	day_of_month: None
	day_ordinal: None
	email: None
	location: None
	month_and_date: None
	month_name: None
	requested_slot: None
	same_or_different: None
	super: None
	time_am_pm: None
	time_hour: None
	time_minutes: None
	weekday: None
Feature 'entity_GPE' (value: '1.0') could not be found in feature map. Make sure you added all intents and entities to the domain
Feature 'entity_PERSON' (value: '1.0') could not be found in feature map. Make sure you added all intents and entities to the domain
Current tracker state [None, None, {}, {'intent_suggest_day_forest': 1.0, 'entity_Nou': 1.0, 'entity_GPE': 1.0, 'entity_PERSON': 1.0, 'prev_action_listen': 1.0}]
There is no memorised next action
There is no active form
Predicted next action using policy_0_KerasPolicy
Predicted next action 'action_check_day' with prob 1.00.
Calling action endpoint to run action 'action_check_day'.
Failed to run custom action 'action_check_day'. Action server responded with a non 200 status code of 500. Make sure your action server properly runs actions and returns a 200 once the action is executed. Error: 500 Server Error: INTERNAL SERVER ERROR for url: http://localhost:5055/webhook
Encountered an exception while running action 'action_check_day'. Bot will continue, but the actions events are lost. Make sure to fix the exception in your custom code.
Failed to execute custom action.
Traceback (most recent call last):
  File "/Users/forestmars/miniconda3/envs/rasawtf/lib/python3.6/site-packages/rasa_core/actions/action.py", line 342, in run
    response.raise_for_status()
  File "/Users/forestmars/miniconda3/envs/rasawtf/lib/python3.6/site-packages/requests/models.py", line 941, in raise_for_status
    raise HTTPError(http_error_msg, response=self)
requests.exceptions.HTTPError: 500 Server Error: INTERNAL SERVER ERROR for url: http://localhost:5055/webhook

During handling of the above exception, another exception occurred:

Traceback (most recent call last):
  File "/Users/forestmars/miniconda3/envs/rasawtf/lib/python3.6/site-packages/rasa_core/processor.py", line 346, in _run_action
    events = action.run(dispatcher, tracker, self.domain)
  File "/Users/forestmars/miniconda3/envs/rasawtf/lib/python3.6/site-packages/rasa_core/actions/action.py", line 362, in run
    raise Exception("Failed to execute custom action.")
Exception: Failed to execute custom action.
Action 'action_check_day' ended with events '[]'
Feature 'entity_GPE' (value: '1.0') could not be found in feature map. Make sure you added all intents and entities to the domain
Feature 'entity_PERSON' (value: '1.0') could not be found in feature map. Make sure you added all intents and entities to the domain
Feature 'entity_GPE' (value: '1.0') could not be found in feature map. Make sure you added all intents and entities to the domain
Feature 'entity_PERSON' (value: '1.0') could not be found in feature map. Make sure you added all intents and entities to the domain
Current tracker state [None, {}, {'intent_suggest_day_forest': 1.0, 'entity_Nou': 1.0, 'entity_GPE': 1.0, 'entity_PERSON': 1.0, 'prev_action_listen': 1.0}, {'prev_action_check_day': 1.0, 'intent_suggest_day_forest': 1.0, 'entity_Nou': 1.0, 'entity_GPE': 1.0, 'entity_PERSON': 1.0}]
There is no memorised next action
There is no active form
Predicted next action using policy_0_KerasPolicy
Predicted next action 'utter_ask_time_day' with prob 1.00.
Action 'utter_ask_time_day' ended with events '[]'
Bot utterance 'BotUttered(text: What's a good time for you to have a call None? (None None), data: {
  "elements": null,
  "buttons": null,
  "attachment": null
})'
Feature 'entity_GPE' (value: '1.0') could not be found in feature map. Make sure you added all intents and entities to the domain
Feature 'entity_PERSON' (value: '1.0') could not be found in feature map. Make sure you added all intents and entities to the domain
Feature 'entity_GPE' (value: '1.0') could not be found in feature map. Make sure you added all intents and entities to the domain
Feature 'entity_PERSON' (value: '1.0') could not be found in feature map. Make sure you added all intents and entities to the domain
Feature 'entity_GPE' (value: '1.0') could not be found in feature map. Make sure you added all intents and entities to the domain
Feature 'entity_PERSON' (value: '1.0') could not be found in feature map. Make sure you added all intents and entities to the domain
Current tracker state [{}, {'intent_suggest_day_forest': 1.0, 'entity_Nou': 1.0, 'entity_GPE': 1.0, 'entity_PERSON': 1.0, 'prev_action_listen': 1.0}, {'prev_action_check_day': 1.0, 'intent_suggest_day_forest': 1.0, 'entity_Nou': 1.0, 'entity_GPE': 1.0, 'entity_PERSON': 1.0}, {'prev_utter_ask_time_day': 1.0, 'intent_suggest_day_forest': 1.0, 'entity_Nou': 1.0, 'entity_GPE': 1.0, 'entity_PERSON': 1.0}]
There is no memorised next action
There is no active form
Predicted next action using policy_0_KerasPolicy
Predicted next action 'action_listen' with prob 1.00.
Action 'action_listen' ended with events '[]'
Rasa process starting
Added 'nlp_spacy' to component cache. Key 'nlp_spacy-en'.
Available web server routes: 
static                                             HEAD, GET, OPTIONS             /static/[filename]
custom_webhook_CmdlineInput.health                 HEAD, GET, OPTIONS             /webhooks/rest/
custom_webhook_CmdlineInput.receive                POST, OPTIONS                  /webhooks/rest/webhook
Rasa Core server is up and running on http://localhost:5005
Using selector: KqueueSelector
Creating a new tracker for id 'default'.
Received user message 'Hi Forest, thank you for coming back to me and i would be keen to set up a call. Can you let me know what your availability is? Thanks, Sarah' with intent '{'name': 'oot', 'confidence': 0.1930678326898356}' and entities '[{'start': 136, 'end': 141, 'value': 'Sarah', 'entity': 'Nou', 'confidence': 0.9613641047560544, 'extractor': 'ner_crf'}, {'entity': 'PERSON', 'value': 'Sarah', 'start': 136, 'confidence': None, 'end': 141, 'extractor': 'ner_spacy'}]'
Logged UserUtterance - tracker now has 3 events
Current slot values: 
	DATE: None
	Day: None
	HowLong: None
	NSFW: None
	Nou: Sarah
	TOD: None
	Time: None
	When: None
	date_month: None
	date_or_time: None
	date_year: None
	day_of_month: None
	day_ordinal: None
	email: None
	location: None
	month_and_date: None
	month_name: None
	requested_slot: None
	same_or_different: None
	super: None
	time_am_pm: None
	time_hour: None
	time_minutes: None
	weekday: None
Feature 'entity_PERSON' (value: '1.0') could not be found in feature map. Make sure you added all intents and entities to the domain
Feature 'intent_oot' (value: '1.0') could not be found in feature map. Make sure you added all intents and entities to the domain
Current tracker state [None, None, {}, {'entity_PERSON': 1.0, 'intent_oot': 1.0, 'entity_Nou': 1.0, 'prev_action_listen': 1.0}]
There is no memorised next action
There is no active form
Predicted next action using policy_0_KerasPolicy
Predicted next action 'action_listen' with prob 0.51.
Action 'action_listen' ended with events '[]'
Rasa process starting
Added 'nlp_spacy' to component cache. Key 'nlp_spacy-en'.
Available web server routes: 
static                                             GET, OPTIONS, HEAD             /static/[filename]
custom_webhook_CmdlineInput.health                 GET, OPTIONS, HEAD             /webhooks/rest/
custom_webhook_CmdlineInput.receive                OPTIONS, POST                  /webhooks/rest/webhook
Rasa Core server is up and running on http://localhost:5005
Using selector: KqueueSelector
Creating a new tracker for id 'default'.
Received user message 'Hi Forest, thank you for coming back to me and i would be keen to set up a call. Can you let me know what your availability is? Thanks, Sarah' with intent '{'name': 'oot', 'confidence': 0.2077481373323197}' and entities '[{'start': 136, 'end': 141, 'value': 'Sarah', 'entity': 'Nou', 'confidence': 0.9591846409023187, 'extractor': 'ner_crf'}, {'entity': 'PERSON', 'value': 'Sarah', 'start': 136, 'confidence': None, 'end': 141, 'extractor': 'ner_spacy'}]'
Logged UserUtterance - tracker now has 3 events
Current slot values: 
	DATE: None
	Day: None
	HowLong: None
	NSFW: None
	Nou: Sarah
	TOD: None
	Time: None
	When: None
	date_month: None
	date_or_time: None
	date_year: None
	day_of_month: None
	day_ordinal: None
	email: None
	location: None
	month_and_date: None
	month_name: None
	requested_slot: None
	same_or_different: None
	super: None
	time_am_pm: None
	time_hour: None
	time_minutes: None
	weekday: None
Feature 'entity_PERSON' (value: '1.0') could not be found in feature map. Make sure you added all intents and entities to the domain
Feature 'intent_oot' (value: '1.0') could not be found in feature map. Make sure you added all intents and entities to the domain
Current tracker state [None, None, {}, {'entity_PERSON': 1.0, 'intent_oot': 1.0, 'prev_action_listen': 1.0, 'entity_Nou': 1.0}]
There is no memorised next action
There is no active form
Predicted next action using policy_0_KerasPolicy
Predicted next action 'action_listen' with prob 0.51.
Action 'action_listen' ended with events '[]'
Rasa process starting
Added 'nlp_spacy' to component cache. Key 'nlp_spacy-en'.
Available web server routes: 
static                                             GET, HEAD, OPTIONS             /static/[filename]
custom_webhook_CmdlineInput.health                 GET, HEAD, OPTIONS             /webhooks/rest/
custom_webhook_CmdlineInput.receive                POST, OPTIONS                  /webhooks/rest/webhook
Rasa Core server is up and running on http://localhost:5005
Using selector: KqueueSelector
Creating a new tracker for id 'default'.
Received user message 'Hi Forest, thank you for coming back to me and i would be keen to set up a call. Can you let me know what your availability is? Thanks, Sarah' with intent '{'name': 'oot', 'confidence': 0.26033975577266905}' and entities '[{'start': 136, 'end': 141, 'value': 'Sarah', 'entity': 'Nou', 'confidence': 0.9681401399952623, 'extractor': 'ner_crf'}, {'entity': 'PERSON', 'value': 'Sarah', 'start': 136, 'confidence': None, 'end': 141, 'extractor': 'ner_spacy'}]'
Logged UserUtterance - tracker now has 3 events
Current slot values: 
	DATE: None
	Day: None
	HowLong: None
	NSFW: None
	Nou: Sarah
	TOD: None
	Time: None
	When: None
	date_month: None
	date_or_time: None
	date_year: None
	day_of_month: None
	day_ordinal: None
	email: None
	location: None
	month_and_date: None
	month_name: None
	requested_slot: None
	same_or_different: None
	super: None
	time_am_pm: None
	time_hour: None
	time_minutes: None
	weekday: None
Feature 'intent_oot' (value: '1.0') could not be found in feature map. Make sure you added all intents and entities to the domain
Feature 'entity_PERSON' (value: '1.0') could not be found in feature map. Make sure you added all intents and entities to the domain
Current tracker state [None, None, {}, {'intent_oot': 1.0, 'entity_PERSON': 1.0, 'entity_Nou': 1.0, 'prev_action_listen': 1.0}]
There is no memorised next action
There is no active form
Predicted next action using policy_0_KerasPolicy
Predicted next action 'action_listen' with prob 0.51.
Action 'action_listen' ended with events '[]'
Recreating tracker for id 'default'
Received user message 'Hi Forest, thank you for coming back to me and i would be keen to set up a call. Can you let me know what your' with intent '{'name': 'oot', 'confidence': 0.22906310932013446}' and entities '[]'
Logged UserUtterance - tracker now has 5 events
Current slot values: 
	DATE: None
	Day: None
	HowLong: None
	NSFW: None
	Nou: Sarah
	TOD: None
	Time: None
	When: None
	date_month: None
	date_or_time: None
	date_year: None
	day_of_month: None
	day_ordinal: None
	email: None
	location: None
	month_and_date: None
	month_name: None
	requested_slot: None
	same_or_different: None
	super: None
	time_am_pm: None
	time_hour: None
	time_minutes: None
	weekday: None
Feature 'intent_oot' (value: '1.0') could not be found in feature map. Make sure you added all intents and entities to the domain
Feature 'entity_PERSON' (value: '1.0') could not be found in feature map. Make sure you added all intents and entities to the domain
Feature 'intent_oot' (value: '1.0') could not be found in feature map. Make sure you added all intents and entities to the domain
Current tracker state [None, {}, {'intent_oot': 1.0, 'entity_PERSON': 1.0, 'entity_Nou': 1.0, 'prev_action_listen': 1.0}, {'intent_oot': 1.0, 'prev_action_listen': 1.0}]
There is no memorised next action
There is no active form
Predicted next action using policy_0_KerasPolicy
Predicted next action 'action_listen' with prob 0.48.
Action 'action_listen' ended with events '[]'
Recreating tracker for id 'default'
Received user message 'Hi Forest, thank you for coming back to me and i would be keen to set up a call. Can you let me' with intent '{'name': 'oot', 'confidence': 0.241086044523306}' and entities '[]'
Logged UserUtterance - tracker now has 7 events
Current slot values: 
	DATE: None
	Day: None
	HowLong: None
	NSFW: None
	Nou: Sarah
	TOD: None
	Time: None
	When: None
	date_month: None
	date_or_time: None
	date_year: None
	day_of_month: None
	day_ordinal: None
	email: None
	location: None
	month_and_date: None
	month_name: None
	requested_slot: None
	same_or_different: None
	super: None
	time_am_pm: None
	time_hour: None
	time_minutes: None
	weekday: None
Feature 'intent_oot' (value: '1.0') could not be found in feature map. Make sure you added all intents and entities to the domain
Feature 'entity_PERSON' (value: '1.0') could not be found in feature map. Make sure you added all intents and entities to the domain
Feature 'intent_oot' (value: '1.0') could not be found in feature map. Make sure you added all intents and entities to the domain
Feature 'intent_oot' (value: '1.0') could not be found in feature map. Make sure you added all intents and entities to the domain
Current tracker state [{}, {'intent_oot': 1.0, 'entity_PERSON': 1.0, 'entity_Nou': 1.0, 'prev_action_listen': 1.0}, {'intent_oot': 1.0, 'prev_action_listen': 1.0}, {'intent_oot': 1.0, 'prev_action_listen': 1.0}]
There is no memorised next action
There is no active form
Predicted next action using policy_0_KerasPolicy
Predicted next action 'utter_wunderbar' with prob 0.40.
Action 'utter_wunderbar' ended with events '[]'
Bot utterance 'BotUttered(text: Super!, data: {
  "elements": null,
  "buttons": null,
  "attachment": null
})'
Feature 'intent_oot' (value: '1.0') could not be found in feature map. Make sure you added all intents and entities to the domain
Feature 'entity_PERSON' (value: '1.0') could not be found in feature map. Make sure you added all intents and entities to the domain
Feature 'intent_oot' (value: '1.0') could not be found in feature map. Make sure you added all intents and entities to the domain
Feature 'intent_oot' (value: '1.0') could not be found in feature map. Make sure you added all intents and entities to the domain
Feature 'intent_oot' (value: '1.0') could not be found in feature map. Make sure you added all intents and entities to the domain
Current tracker state [{'intent_oot': 1.0, 'entity_PERSON': 1.0, 'entity_Nou': 1.0, 'prev_action_listen': 1.0}, {'intent_oot': 1.0, 'prev_action_listen': 1.0}, {'intent_oot': 1.0, 'prev_action_listen': 1.0}, {'prev_utter_wunderbar': 1.0, 'intent_oot': 1.0}]
There is no memorised next action
There is no active form
Predicted next action using policy_0_KerasPolicy
Predicted next action 'action_listen' with prob 1.00.
Action 'action_listen' ended with events '[]'
Recreating tracker for id 'default'
Received user message 'Hi Forest, thank you for coming back to me and  Can you let me know what your availability is? Thanks,' with intent '{'name': 'oot', 'confidence': 0.16616444686622725}' and entities '[{'entity': 'NORP', 'value': ' ', 'start': 47, 'confidence': None, 'end': 48, 'extractor': 'ner_spacy'}]'
Logged UserUtterance - tracker now has 11 events
Current slot values: 
	DATE: None
	Day: None
	HowLong: None
	NSFW: None
	Nou: Sarah
	TOD: None
	Time: None
	When: None
	date_month: None
	date_or_time: None
	date_year: None
	day_of_month: None
	day_ordinal: None
	email: None
	location: None
	month_and_date: None
	month_name: None
	requested_slot: None
	same_or_different: None
	super: None
	time_am_pm: None
	time_hour: None
	time_minutes: None
	weekday: None
Feature 'intent_oot' (value: '1.0') could not be found in feature map. Make sure you added all intents and entities to the domain
Feature 'entity_PERSON' (value: '1.0') could not be found in feature map. Make sure you added all intents and entities to the domain
Feature 'intent_oot' (value: '1.0') could not be found in feature map. Make sure you added all intents and entities to the domain
Feature 'intent_oot' (value: '1.0') could not be found in feature map. Make sure you added all intents and entities to the domain
Feature 'intent_oot' (value: '1.0') could not be found in feature map. Make sure you added all intents and entities to the domain
Feature 'entity_NORP' (value: '1.0') could not be found in feature map. Make sure you added all intents and entities to the domain
Feature 'intent_oot' (value: '1.0') could not be found in feature map. Make sure you added all intents and entities to the domain
Current tracker state [{'intent_oot': 1.0, 'prev_action_listen': 1.0}, {'intent_oot': 1.0, 'prev_action_listen': 1.0}, {'prev_utter_wunderbar': 1.0, 'intent_oot': 1.0}, {'entity_NORP': 1.0, 'intent_oot': 1.0, 'prev_action_listen': 1.0}]
There is no memorised next action
There is no active form
Predicted next action using policy_0_KerasPolicy
Predicted next action 'utter_wunderbar' with prob 0.44.
Action 'utter_wunderbar' ended with events '[]'
Bot utterance 'BotUttered(text: Wunderbar!, data: {
  "elements": null,
  "buttons": null,
  "attachment": null
})'
Feature 'intent_oot' (value: '1.0') could not be found in feature map. Make sure you added all intents and entities to the domain
Feature 'intent_oot' (value: '1.0') could not be found in feature map. Make sure you added all intents and entities to the domain
Feature 'intent_oot' (value: '1.0') could not be found in feature map. Make sure you added all intents and entities to the domain
Feature 'entity_NORP' (value: '1.0') could not be found in feature map. Make sure you added all intents and entities to the domain
Feature 'intent_oot' (value: '1.0') could not be found in feature map. Make sure you added all intents and entities to the domain
Feature 'entity_NORP' (value: '1.0') could not be found in feature map. Make sure you added all intents and entities to the domain
Feature 'intent_oot' (value: '1.0') could not be found in feature map. Make sure you added all intents and entities to the domain
Current tracker state [{'intent_oot': 1.0, 'prev_action_listen': 1.0}, {'prev_utter_wunderbar': 1.0, 'intent_oot': 1.0}, {'entity_NORP': 1.0, 'intent_oot': 1.0, 'prev_action_listen': 1.0}, {'entity_NORP': 1.0, 'prev_utter_wunderbar': 1.0, 'intent_oot': 1.0}]
There is no memorised next action
There is no active form
Predicted next action using policy_0_KerasPolicy
Predicted next action 'action_listen' with prob 1.00.
Action 'action_listen' ended with events '[]'
Recreating tracker for id 'default'
Received user message 'restart' with intent '{'name': 'restart', 'confidence': 0.3298770160094395}' and entities '[]'
Logged UserUtterance - tracker now has 15 events
Current slot values: 
	DATE: None
	Day: None
	HowLong: None
	NSFW: None
	Nou: Sarah
	TOD: None
	Time: None
	When: None
	date_month: None
	date_or_time: None
	date_year: None
	day_of_month: None
	day_ordinal: None
	email: None
	location: None
	month_and_date: None
	month_name: None
	requested_slot: None
	same_or_different: None
	super: None
	time_am_pm: None
	time_hour: None
	time_minutes: None
	weekday: None
Predicted next action 'action_restart' with prob 1.00.
Action 'action_restart' ended with events '['Restarted()']'
Bot utterance 'BotUttered(text: Ok, starting over., data: {
  "elements": null,
  "buttons": null,
  "attachment": null
})'
Predicted next action 'action_listen' with prob 1.00.
Action 'action_listen' ended with events '[]'
Recreating tracker for id 'default'
Received user message 'Hi Forest, thank you for coming back to me and Can you let me know what your availability is? Thanks,' with intent '{'name': 'oot', 'confidence': 0.14394719744343806}' and entities '[]'
Logged UserUtterance - tracker now has 20 events
Current slot values: 
	DATE: None
	Day: None
	HowLong: None
	NSFW: None
	Nou:  
	TOD: None
	Time: None
	When: None
	date_month: None
	date_or_time: None
	date_year: None
	day_of_month: None
	day_ordinal: None
	email: None
	location: None
	month_and_date: None
	month_name: None
	requested_slot: None
	same_or_different: None
	super: None
	time_am_pm: None
	time_hour: None
	time_minutes: None
	weekday: None
Feature 'intent_oot' (value: '1.0') could not be found in feature map. Make sure you added all intents and entities to the domain
Current tracker state [None, None, {}, {'intent_oot': 1.0, 'prev_action_listen': 1.0}]
There is no memorised next action
There is no active form
Predicted next action using policy_0_KerasPolicy
Predicted next action 'action_listen' with prob 0.52.
Action 'action_listen' ended with events '[]'
Recreating tracker for id 'default'
Received user message 'Hi Forest, thank you for coming back to me' with intent '{'name': 'oot', 'confidence': 0.14811429040411217}' and entities '[]'
Logged UserUtterance - tracker now has 22 events
Current slot values: 
	DATE: None
	Day: None
	HowLong: None
	NSFW: None
	Nou:  
	TOD: None
	Time: None
	When: None
	date_month: None
	date_or_time: None
	date_year: None
	day_of_month: None
	day_ordinal: None
	email: None
	location: None
	month_and_date: None
	month_name: None
	requested_slot: None
	same_or_different: None
	super: None
	time_am_pm: None
	time_hour: None
	time_minutes: None
	weekday: None
Feature 'intent_oot' (value: '1.0') could not be found in feature map. Make sure you added all intents and entities to the domain
Feature 'intent_oot' (value: '1.0') could not be found in feature map. Make sure you added all intents and entities to the domain
Current tracker state [None, {}, {'intent_oot': 1.0, 'prev_action_listen': 1.0}, {'intent_oot': 1.0, 'prev_action_listen': 1.0}]
There is no memorised next action
There is no active form
Predicted next action using policy_0_KerasPolicy
Predicted next action 'action_listen' with prob 0.45.
Action 'action_listen' ended with events '[]'
Recreating tracker for id 'default'
Received user message 'Hi Forest, thank you for coming back to me' with intent '{'name': 'oot', 'confidence': 0.14811429040411217}' and entities '[]'
Logged UserUtterance - tracker now has 24 events
Current slot values: 
	DATE: None
	Day: None
	HowLong: None
	NSFW: None
	Nou:  
	TOD: None
	Time: None
	When: None
	date_month: None
	date_or_time: None
	date_year: None
	day_of_month: None
	day_ordinal: None
	email: None
	location: None
	month_and_date: None
	month_name: None
	requested_slot: None
	same_or_different: None
	super: None
	time_am_pm: None
	time_hour: None
	time_minutes: None
	weekday: None
Feature 'intent_oot' (value: '1.0') could not be found in feature map. Make sure you added all intents and entities to the domain
Feature 'intent_oot' (value: '1.0') could not be found in feature map. Make sure you added all intents and entities to the domain
Feature 'intent_oot' (value: '1.0') could not be found in feature map. Make sure you added all intents and entities to the domain
Current tracker state [{}, {'intent_oot': 1.0, 'prev_action_listen': 1.0}, {'intent_oot': 1.0, 'prev_action_listen': 1.0}, {'intent_oot': 1.0, 'prev_action_listen': 1.0}]
There is no memorised next action
There is no active form
Predicted next action using policy_0_KerasPolicy
Predicted next action 'utter_wunderbar' with prob 0.41.
Action 'utter_wunderbar' ended with events '[]'
Bot utterance 'BotUttered(text: Wunderbar!, data: {
  "elements": null,
  "buttons": null,
  "attachment": null
})'
Feature 'intent_oot' (value: '1.0') could not be found in feature map. Make sure you added all intents and entities to the domain
Feature 'intent_oot' (value: '1.0') could not be found in feature map. Make sure you added all intents and entities to the domain
Feature 'intent_oot' (value: '1.0') could not be found in feature map. Make sure you added all intents and entities to the domain
Feature 'intent_oot' (value: '1.0') could not be found in feature map. Make sure you added all intents and entities to the domain
Current tracker state [{'intent_oot': 1.0, 'prev_action_listen': 1.0}, {'intent_oot': 1.0, 'prev_action_listen': 1.0}, {'intent_oot': 1.0, 'prev_action_listen': 1.0}, {'prev_utter_wunderbar': 1.0, 'intent_oot': 1.0}]
There is no memorised next action
There is no active form
Predicted next action using policy_0_KerasPolicy
Predicted next action 'action_listen' with prob 1.00.
Action 'action_listen' ended with events '[]'
Recreating tracker for id 'default'
Received user message 'restart' with intent '{'name': 'restart', 'confidence': 0.3298770160094395}' and entities '[]'
Logged UserUtterance - tracker now has 28 events
Current slot values: 
	DATE: None
	Day: None
	HowLong: None
	NSFW: None
	Nou:  
	TOD: None
	Time: None
	When: None
	date_month: None
	date_or_time: None
	date_year: None
	day_of_month: None
	day_ordinal: None
	email: None
	location: None
	month_and_date: None
	month_name: None
	requested_slot: None
	same_or_different: None
	super: None
	time_am_pm: None
	time_hour: None
	time_minutes: None
	weekday: None
Predicted next action 'action_restart' with prob 1.00.
Action 'action_restart' ended with events '['Restarted()']'
Bot utterance 'BotUttered(text: Ok, starting over., data: {
  "elements": null,
  "buttons": null,
  "attachment": null
})'
Predicted next action 'action_listen' with prob 1.00.
Action 'action_listen' ended with events '[]'
Recreating tracker for id 'default'
Received user message 'Hi Forest, thank you for coming back to me' with intent '{'name': 'oot', 'confidence': 0.14811429040411217}' and entities '[]'
Logged UserUtterance - tracker now has 33 events
Current slot values: 
	DATE: None
	Day: None
	HowLong: None
	NSFW: None
	Nou:  
	TOD: None
	Time: None
	When: None
	date_month: None
	date_or_time: None
	date_year: None
	day_of_month: None
	day_ordinal: None
	email: None
	location: None
	month_and_date: None
	month_name: None
	requested_slot: None
	same_or_different: None
	super: None
	time_am_pm: None
	time_hour: None
	time_minutes: None
	weekday: None
Feature 'intent_oot' (value: '1.0') could not be found in feature map. Make sure you added all intents and entities to the domain
Current tracker state [None, None, {}, {'intent_oot': 1.0, 'prev_action_listen': 1.0}]
There is no memorised next action
There is no active form
Predicted next action using policy_0_KerasPolicy
Predicted next action 'action_listen' with prob 0.52.
Action 'action_listen' ended with events '[]'
Recreating tracker for id 'default'
Received user message 'Hi Forest, thank you for getting back to me' with intent '{'name': 'oot', 'confidence': 0.16679900722890903}' and entities '[]'
Logged UserUtterance - tracker now has 35 events
Current slot values: 
	DATE: None
	Day: None
	HowLong: None
	NSFW: None
	Nou:  
	TOD: None
	Time: None
	When: None
	date_month: None
	date_or_time: None
	date_year: None
	day_of_month: None
	day_ordinal: None
	email: None
	location: None
	month_and_date: None
	month_name: None
	requested_slot: None
	same_or_different: None
	super: None
	time_am_pm: None
	time_hour: None
	time_minutes: None
	weekday: None
Feature 'intent_oot' (value: '1.0') could not be found in feature map. Make sure you added all intents and entities to the domain
Feature 'intent_oot' (value: '1.0') could not be found in feature map. Make sure you added all intents and entities to the domain
Current tracker state [None, {}, {'intent_oot': 1.0, 'prev_action_listen': 1.0}, {'intent_oot': 1.0, 'prev_action_listen': 1.0}]
There is no memorised next action
There is no active form
Predicted next action using policy_0_KerasPolicy
Predicted next action 'action_listen' with prob 0.45.
Action 'action_listen' ended with events '[]'
Recreating tracker for id 'default'
Received user message 'Hi Forest, thank you' with intent '{'name': 'thisis', 'confidence': 0.11993917602030779}' and entities '[]'
Logged UserUtterance - tracker now has 37 events
Current slot values: 
	DATE: None
	Day: None
	HowLong: None
	NSFW: None
	Nou:  
	TOD: None
	Time: None
	When: None
	date_month: None
	date_or_time: None
	date_year: None
	day_of_month: None
	day_ordinal: None
	email: None
	location: None
	month_and_date: None
	month_name: None
	requested_slot: None
	same_or_different: None
	super: None
	time_am_pm: None
	time_hour: None
	time_minutes: None
	weekday: None
Feature 'intent_oot' (value: '1.0') could not be found in feature map. Make sure you added all intents and entities to the domain
Feature 'intent_oot' (value: '1.0') could not be found in feature map. Make sure you added all intents and entities to the domain
Current tracker state [{}, {'intent_oot': 1.0, 'prev_action_listen': 1.0}, {'intent_oot': 1.0, 'prev_action_listen': 1.0}, {'intent_thisis': 1.0, 'prev_action_listen': 1.0}]
There is no memorised next action
There is no active form
Predicted next action using policy_0_KerasPolicy
Predicted next action 'utter_nicetohearfromu' with prob 1.00.
Action 'utter_nicetohearfromu' ended with events '[]'
Bot utterance 'BotUttered(text: Nice to hear from you  , data: {
  "elements": null,
  "buttons": null,
  "attachment": null
})'
Feature 'intent_oot' (value: '1.0') could not be found in feature map. Make sure you added all intents and entities to the domain
Feature 'intent_oot' (value: '1.0') could not be found in feature map. Make sure you added all intents and entities to the domain
Current tracker state [{'intent_oot': 1.0, 'prev_action_listen': 1.0}, {'intent_oot': 1.0, 'prev_action_listen': 1.0}, {'intent_thisis': 1.0, 'prev_action_listen': 1.0}, {'prev_utter_nicetohearfromu': 1.0, 'intent_thisis': 1.0}]
There is no memorised next action
There is no active form
Predicted next action using policy_0_KerasPolicy
Predicted next action 'action_update_contacts' with prob 1.00.
Calling action endpoint to run action 'action_update_contacts'.
Action 'action_update_contacts' ended with events '[]'
Feature 'intent_oot' (value: '1.0') could not be found in feature map. Make sure you added all intents and entities to the domain
Feature 'intent_oot' (value: '1.0') could not be found in feature map. Make sure you added all intents and entities to the domain
Current tracker state [{'intent_oot': 1.0, 'prev_action_listen': 1.0}, {'intent_thisis': 1.0, 'prev_action_listen': 1.0}, {'prev_utter_nicetohearfromu': 1.0, 'intent_thisis': 1.0}, {'intent_thisis': 1.0, 'prev_action_update_contacts': 1.0}]
There is no memorised next action
There is no active form
Predicted next action using policy_0_KerasPolicy
Predicted next action 'utter_ask_schedule_call' with prob 1.00.
Action 'utter_ask_schedule_call' ended with events '[]'
Bot utterance 'BotUttered(text: Do you want to schedule a call?, data: {
  "elements": null,
  "buttons": null,
  "attachment": null
})'
Feature 'intent_oot' (value: '1.0') could not be found in feature map. Make sure you added all intents and entities to the domain
Current tracker state [{'intent_thisis': 1.0, 'prev_action_listen': 1.0}, {'prev_utter_nicetohearfromu': 1.0, 'intent_thisis': 1.0}, {'intent_thisis': 1.0, 'prev_action_update_contacts': 1.0}, {'intent_thisis': 1.0, 'prev_utter_ask_schedule_call': 1.0}]
There is a memorised next action '0'
There is no active form
Predicted next action using policy_1_MemoizationPolicy
Predicted next action 'action_listen' with prob 1.00.
Action 'action_listen' ended with events '[]'
Recreating tracker for id 'default'
Received user message 'Hi Forest, thank you i appreciate' with intent '{'name': 'oot', 'confidence': 0.059758017227238634}' and entities '[]'
Logged UserUtterance - tracker now has 44 events
Current slot values: 
	DATE: None
	Day: None
	HowLong: None
	NSFW: None
	Nou:  
	TOD: None
	Time: None
	When: None
	date_month: None
	date_or_time: None
	date_year: None
	day_of_month: None
	day_ordinal: None
	email: None
	location: None
	month_and_date: None
	month_name: None
	requested_slot: None
	same_or_different: None
	super: None
	time_am_pm: None
	time_hour: None
	time_minutes: None
	weekday: None
Feature 'intent_oot' (value: '1.0') could not be found in feature map. Make sure you added all intents and entities to the domain
Current tracker state [{'prev_utter_nicetohearfromu': 1.0, 'intent_thisis': 1.0}, {'intent_thisis': 1.0, 'prev_action_update_contacts': 1.0}, {'intent_thisis': 1.0, 'prev_utter_ask_schedule_call': 1.0}, {'intent_oot': 1.0, 'prev_action_listen': 1.0}]
There is no memorised next action
There is no active form
Predicted next action using policy_0_KerasPolicy
Predicted next action 'utter_wunderbar' with prob 0.43.
Action 'utter_wunderbar' ended with events '[]'
Bot utterance 'BotUttered(text: Wunderbar!, data: {
  "elements": null,
  "buttons": null,
  "attachment": null
})'
Feature 'intent_oot' (value: '1.0') could not be found in feature map. Make sure you added all intents and entities to the domain
Feature 'intent_oot' (value: '1.0') could not be found in feature map. Make sure you added all intents and entities to the domain
Current tracker state [{'intent_thisis': 1.0, 'prev_action_update_contacts': 1.0}, {'intent_thisis': 1.0, 'prev_utter_ask_schedule_call': 1.0}, {'intent_oot': 1.0, 'prev_action_listen': 1.0}, {'intent_oot': 1.0, 'prev_utter_wunderbar': 1.0}]
There is no memorised next action
There is no active form
Predicted next action using policy_0_KerasPolicy
Predicted next action 'action_listen' with prob 1.00.
Action 'action_listen' ended with events '[]'
Recreating tracker for id 'default'
Received user message 'restart' with intent '{'name': 'restart', 'confidence': 0.3298770160094395}' and entities '[]'
Logged UserUtterance - tracker now has 48 events
Current slot values: 
	DATE: None
	Day: None
	HowLong: None
	NSFW: None
	Nou:  
	TOD: None
	Time: None
	When: None
	date_month: None
	date_or_time: None
	date_year: None
	day_of_month: None
	day_ordinal: None
	email: None
	location: None
	month_and_date: None
	month_name: None
	requested_slot: None
	same_or_different: None
	super: None
	time_am_pm: None
	time_hour: None
	time_minutes: None
	weekday: None
Predicted next action 'action_restart' with prob 1.00.
Action 'action_restart' ended with events '['Restarted()']'
Bot utterance 'BotUttered(text: Ok, starting over., data: {
  "elements": null,
  "buttons": null,
  "attachment": null
})'
Predicted next action 'action_listen' with prob 1.00.
Action 'action_listen' ended with events '[]'
Recreating tracker for id 'default'
Received user message 'Hi Forest, thank you I apreciate it' with intent '{'name': 'lost_the_plot', 'confidence': 0.04541794113571682}' and entities '[]'
Logged UserUtterance - tracker now has 53 events
Current slot values: 
	DATE: None
	Day: None
	HowLong: None
	NSFW: None
	Nou:  
	TOD: None
	Time: None
	When: None
	date_month: None
	date_or_time: None
	date_year: None
	day_of_month: None
	day_ordinal: None
	email: None
	location: None
	month_and_date: None
	month_name: None
	requested_slot: None
	same_or_different: None
	super: None
	time_am_pm: None
	time_hour: None
	time_minutes: None
	weekday: None
Current tracker state [None, None, {}, {'intent_lost_the_plot': 1.0, 'prev_action_listen': 1.0}]
There is no memorised next action
There is no active form
Predicted next action using policy_0_KerasPolicy
Predicted next action 'action_listen' with prob 0.51.
Action 'action_listen' ended with events '[]'
Recreating tracker for id 'default'
Received user message 'restart' with intent '{'name': 'restart', 'confidence': 0.3298770160094395}' and entities '[]'
Logged UserUtterance - tracker now has 55 events
Current slot values: 
	DATE: None
	Day: None
	HowLong: None
	NSFW: None
	Nou:  
	TOD: None
	Time: None
	When: None
	date_month: None
	date_or_time: None
	date_year: None
	day_of_month: None
	day_ordinal: None
	email: None
	location: None
	month_and_date: None
	month_name: None
	requested_slot: None
	same_or_different: None
	super: None
	time_am_pm: None
	time_hour: None
	time_minutes: None
	weekday: None
Predicted next action 'action_restart' with prob 1.00.
Action 'action_restart' ended with events '['Restarted()']'
Bot utterance 'BotUttered(text: Ok, starting over., data: {
  "elements": null,
  "buttons": null,
  "attachment": null
})'
Predicted next action 'action_listen' with prob 1.00.
Action 'action_listen' ended with events '[]'
Recreating tracker for id 'default'
Received user message 'hi' with intent '{'name': 'greet', 'confidence': 0.2220940396549011}' and entities '[]'
Logged UserUtterance - tracker now has 60 events
Current slot values: 
	DATE: None
	Day: None
	HowLong: None
	NSFW: None
	Nou:  
	TOD: None
	Time: None
	When: None
	date_month: None
	date_or_time: None
	date_year: None
	day_of_month: None
	day_ordinal: None
	email: None
	location: None
	month_and_date: None
	month_name: None
	requested_slot: None
	same_or_different: None
	super: None
	time_am_pm: None
	time_hour: None
	time_minutes: None
	weekday: None
Current tracker state [None, None, {}, {'intent_greet': 1.0, 'prev_action_listen': 1.0}]
There is a memorised next action '14'
There is no active form
Predicted next action using policy_1_MemoizationPolicy
Predicted next action 'utter_greet' with prob 1.00.
Action 'utter_greet' ended with events '[]'
Bot utterance 'BotUttered(text: Heya!, data: {
  "elements": null,
  "buttons": null,
  "attachment": null
})'
Current tracker state [None, {}, {'intent_greet': 1.0, 'prev_action_listen': 1.0}, {'intent_greet': 1.0, 'prev_utter_greet': 1.0}]
There is a memorised next action '107'
There is no active form
Predicted next action using policy_1_MemoizationPolicy
Predicted next action 'utter_ask_who' with prob 1.00.
Action 'utter_ask_who' ended with events '[]'
Bot utterance 'BotUttered(text: Who is this please?, data: {
  "elements": null,
  "buttons": null,
  "attachment": null
})'
Current tracker state [{}, {'intent_greet': 1.0, 'prev_action_listen': 1.0}, {'intent_greet': 1.0, 'prev_utter_greet': 1.0}, {'intent_greet': 1.0, 'prev_utter_ask_who': 1.0}]
There is a memorised next action '0'
There is no active form
Predicted next action using policy_1_MemoizationPolicy
Predicted next action 'action_listen' with prob 1.00.
Action 'action_listen' ended with events '[]'
Recreating tracker for id 'default'
Received user message 'restart' with intent '{'name': 'restart', 'confidence': 0.3298770160094395}' and entities '[]'
Logged UserUtterance - tracker now has 66 events
Current slot values: 
	DATE: None
	Day: None
	HowLong: None
	NSFW: None
	Nou:  
	TOD: None
	Time: None
	When: None
	date_month: None
	date_or_time: None
	date_year: None
	day_of_month: None
	day_ordinal: None
	email: None
	location: None
	month_and_date: None
	month_name: None
	requested_slot: None
	same_or_different: None
	super: None
	time_am_pm: None
	time_hour: None
	time_minutes: None
	weekday: None
Predicted next action 'action_restart' with prob 1.00.
Action 'action_restart' ended with events '['Restarted()']'
Bot utterance 'BotUttered(text: Ok, starting over., data: {
  "elements": null,
  "buttons": null,
  "attachment": null
})'
Predicted next action 'action_listen' with prob 1.00.
Action 'action_listen' ended with events '[]'
Recreating tracker for id 'default'
Received user message 'hi forest' with intent '{'name': 'greet', 'confidence': 0.23898196595459348}' and entities '[]'
Logged UserUtterance - tracker now has 71 events
Current slot values: 
	DATE: None
	Day: None
	HowLong: None
	NSFW: None
	Nou:  
	TOD: None
	Time: None
	When: None
	date_month: None
	date_or_time: None
	date_year: None
	day_of_month: None
	day_ordinal: None
	email: None
	location: None
	month_and_date: None
	month_name: None
	requested_slot: None
	same_or_different: None
	super: None
	time_am_pm: None
	time_hour: None
	time_minutes: None
	weekday: None
Current tracker state [None, None, {}, {'intent_greet': 1.0, 'prev_action_listen': 1.0}]
There is a memorised next action '14'
There is no active form
Predicted next action using policy_1_MemoizationPolicy
Predicted next action 'utter_greet' with prob 1.00.
Action 'utter_greet' ended with events '[]'
Bot utterance 'BotUttered(text: Heya!, data: {
  "elements": null,
  "buttons": null,
  "attachment": null
})'
Current tracker state [None, {}, {'intent_greet': 1.0, 'prev_action_listen': 1.0}, {'intent_greet': 1.0, 'prev_utter_greet': 1.0}]
There is a memorised next action '107'
There is no active form
Predicted next action using policy_1_MemoizationPolicy
Predicted next action 'utter_ask_who' with prob 1.00.
Action 'utter_ask_who' ended with events '[]'
Bot utterance 'BotUttered(text: Who is this please?, data: {
  "elements": null,
  "buttons": null,
  "attachment": null
})'
Current tracker state [{}, {'intent_greet': 1.0, 'prev_action_listen': 1.0}, {'intent_greet': 1.0, 'prev_utter_greet': 1.0}, {'intent_greet': 1.0, 'prev_utter_ask_who': 1.0}]
There is a memorised next action '0'
There is no active form
Predicted next action using policy_1_MemoizationPolicy
Predicted next action 'action_listen' with prob 1.00.
Action 'action_listen' ended with events '[]'
Recreating tracker for id 'default'
Received user message 'restart' with intent '{'name': 'restart', 'confidence': 0.3298770160094395}' and entities '[]'
Logged UserUtterance - tracker now has 77 events
Current slot values: 
	DATE: None
	Day: None
	HowLong: None
	NSFW: None
	Nou:  
	TOD: None
	Time: None
	When: None
	date_month: None
	date_or_time: None
	date_year: None
	day_of_month: None
	day_ordinal: None
	email: None
	location: None
	month_and_date: None
	month_name: None
	requested_slot: None
	same_or_different: None
	super: None
	time_am_pm: None
	time_hour: None
	time_minutes: None
	weekday: None
Predicted next action 'action_restart' with prob 1.00.
Action 'action_restart' ended with events '['Restarted()']'
Bot utterance 'BotUttered(text: Ok, starting over., data: {
  "elements": null,
  "buttons": null,
  "attachment": null
})'
Predicted next action 'action_listen' with prob 1.00.
Action 'action_listen' ended with events '[]'
Recreating tracker for id 'default'
Received user message 'hi forest, thank you' with intent '{'name': 'thisis', 'confidence': 0.1521054716132342}' and entities '[]'
Logged UserUtterance - tracker now has 82 events
Current slot values: 
	DATE: None
	Day: None
	HowLong: None
	NSFW: None
	Nou:  
	TOD: None
	Time: None
	When: None
	date_month: None
	date_or_time: None
	date_year: None
	day_of_month: None
	day_ordinal: None
	email: None
	location: None
	month_and_date: None
	month_name: None
	requested_slot: None
	same_or_different: None
	super: None
	time_am_pm: None
	time_hour: None
	time_minutes: None
	weekday: None
Current tracker state [None, None, {}, {'intent_thisis': 1.0, 'prev_action_listen': 1.0}]
There is a memorised next action '82'
There is no active form
Predicted next action using policy_1_MemoizationPolicy
Predicted next action 'utter_nicetohearfromu' with prob 1.00.
Action 'utter_nicetohearfromu' ended with events '[]'
Bot utterance 'BotUttered(text: Nice to hear from you  , data: {
  "elements": null,
  "buttons": null,
  "attachment": null
})'
Current tracker state [None, {}, {'intent_thisis': 1.0, 'prev_action_listen': 1.0}, {'intent_thisis': 1.0, 'prev_utter_nicetohearfromu': 1.0}]
There is a memorised next action '13'
There is no active form
Predicted next action using policy_1_MemoizationPolicy
Predicted next action 'action_update_contacts' with prob 1.00.
Calling action endpoint to run action 'action_update_contacts'.
Action 'action_update_contacts' ended with events '[]'
Current tracker state [{}, {'intent_thisis': 1.0, 'prev_action_listen': 1.0}, {'intent_thisis': 1.0, 'prev_utter_nicetohearfromu': 1.0}, {'intent_thisis': 1.0, 'prev_action_update_contacts': 1.0}]
There is a memorised next action '96'
There is no active form
Predicted next action using policy_1_MemoizationPolicy
Predicted next action 'utter_ask_schedule_call' with prob 1.00.
Action 'utter_ask_schedule_call' ended with events '[]'
Bot utterance 'BotUttered(text: Did you want to schedule a call?, data: {
  "elements": null,
  "buttons": null,
  "attachment": null
})'
Current tracker state [{'intent_thisis': 1.0, 'prev_action_listen': 1.0}, {'intent_thisis': 1.0, 'prev_utter_nicetohearfromu': 1.0}, {'intent_thisis': 1.0, 'prev_action_update_contacts': 1.0}, {'intent_thisis': 1.0, 'prev_utter_ask_schedule_call': 1.0}]
There is a memorised next action '0'
There is no active form
Predicted next action using policy_1_MemoizationPolicy
Predicted next action 'action_listen' with prob 1.00.
Action 'action_listen' ended with events '[]'
Recreating tracker for id 'default'
Received user message 'hi forest, thank you for coming' with intent '{'name': 'corona', 'confidence': 0.04639039626669159}' and entities '[]'
Logged UserUtterance - tracker now has 89 events
Current slot values: 
	DATE: None
	Day: None
	HowLong: None
	NSFW: None
	Nou:  
	TOD: None
	Time: None
	When: None
	date_month: None
	date_or_time: None
	date_year: None
	day_of_month: None
	day_ordinal: None
	email: None
	location: None
	month_and_date: None
	month_name: None
	requested_slot: None
	same_or_different: None
	super: None
	time_am_pm: None
	time_hour: None
	time_minutes: None
	weekday: None
Current tracker state [{'intent_thisis': 1.0, 'prev_utter_nicetohearfromu': 1.0}, {'intent_thisis': 1.0, 'prev_action_update_contacts': 1.0}, {'intent_thisis': 1.0, 'prev_utter_ask_schedule_call': 1.0}, {'intent_corona': 1.0, 'prev_action_listen': 1.0}]
There is a memorised next action '8'
There is no active form
Predicted next action using policy_1_MemoizationPolicy
Predicted next action 'action_message' with prob 1.00.
Calling action endpoint to run action 'action_message'.
Failed to run custom action 'action_message'. Action server responded with a non 200 status code of 500. Make sure your action server properly runs actions and returns a 200 once the action is executed. Error: 500 Server Error: INTERNAL SERVER ERROR for url: http://localhost:5055/webhook
Encountered an exception while running action 'action_message'. Bot will continue, but the actions events are lost. Make sure to fix the exception in your custom code.
Failed to execute custom action.
Traceback (most recent call last):
  File "/Users/forestmars/miniconda3/envs/rasawtf/lib/python3.6/site-packages/rasa_core/actions/action.py", line 342, in run
    response.raise_for_status()
  File "/Users/forestmars/miniconda3/envs/rasawtf/lib/python3.6/site-packages/requests/models.py", line 941, in raise_for_status
    raise HTTPError(http_error_msg, response=self)
requests.exceptions.HTTPError: 500 Server Error: INTERNAL SERVER ERROR for url: http://localhost:5055/webhook

During handling of the above exception, another exception occurred:

Traceback (most recent call last):
  File "/Users/forestmars/miniconda3/envs/rasawtf/lib/python3.6/site-packages/rasa_core/processor.py", line 346, in _run_action
    events = action.run(dispatcher, tracker, self.domain)
  File "/Users/forestmars/miniconda3/envs/rasawtf/lib/python3.6/site-packages/rasa_core/actions/action.py", line 362, in run
    raise Exception("Failed to execute custom action.")
Exception: Failed to execute custom action.
Action 'action_message' ended with events '[]'
Current tracker state [{'intent_thisis': 1.0, 'prev_action_update_contacts': 1.0}, {'intent_thisis': 1.0, 'prev_utter_ask_schedule_call': 1.0}, {'intent_corona': 1.0, 'prev_action_listen': 1.0}, {'intent_corona': 1.0, 'prev_action_message': 1.0}]
There is a memorised next action '0'
There is no active form
Predicted next action using policy_1_MemoizationPolicy
Predicted next action 'action_listen' with prob 1.00.
Action 'action_listen' ended with events '[]'
Recreating tracker for id 'default'
Received user message 'restart' with intent '{'name': 'restart', 'confidence': 0.3298770160094395}' and entities '[]'
Logged UserUtterance - tracker now has 92 events
Current slot values: 
	DATE: None
	Day: None
	HowLong: None
	NSFW: None
	Nou:  
	TOD: None
	Time: None
	When: None
	date_month: None
	date_or_time: None
	date_year: None
	day_of_month: None
	day_ordinal: None
	email: None
	location: None
	month_and_date: None
	month_name: None
	requested_slot: None
	same_or_different: None
	super: None
	time_am_pm: None
	time_hour: None
	time_minutes: None
	weekday: None
Predicted next action 'action_restart' with prob 1.00.
Action 'action_restart' ended with events '['Restarted()']'
Bot utterance 'BotUttered(text: Ok, starting over., data: {
  "elements": null,
  "buttons": null,
  "attachment": null
})'
Predicted next action 'action_listen' with prob 1.00.
Action 'action_listen' ended with events '[]'
Recreating tracker for id 'default'
Received user message 'restart' with intent '{'name': 'restart', 'confidence': 0.3298770160094395}' and entities '[]'
Logged UserUtterance - tracker now has 97 events
Current slot values: 
	DATE: None
	Day: None
	HowLong: None
	NSFW: None
	Nou:  
	TOD: None
	Time: None
	When: None
	date_month: None
	date_or_time: None
	date_year: None
	day_of_month: None
	day_ordinal: None
	email: None
	location: None
	month_and_date: None
	month_name: None
	requested_slot: None
	same_or_different: None
	super: None
	time_am_pm: None
	time_hour: None
	time_minutes: None
	weekday: None
Predicted next action 'action_restart' with prob 1.00.
Action 'action_restart' ended with events '['Restarted()']'
Bot utterance 'BotUttered(text: Ok, starting over., data: {
  "elements": null,
  "buttons": null,
  "attachment": null
})'
Predicted next action 'action_listen' with prob 1.00.
Action 'action_listen' ended with events '[]'
Recreating tracker for id 'default'
Received user message 'hi forest, thank you for coming back' with intent '{'name': 'oot', 'confidence': 0.049306365101044344}' and entities '[]'
Logged UserUtterance - tracker now has 102 events
Current slot values: 
	DATE: None
	Day: None
	HowLong: None
	NSFW: None
	Nou:  
	TOD: None
	Time: None
	When: None
	date_month: None
	date_or_time: None
	date_year: None
	day_of_month: None
	day_ordinal: None
	email: None
	location: None
	month_and_date: None
	month_name: None
	requested_slot: None
	same_or_different: None
	super: None
	time_am_pm: None
	time_hour: None
	time_minutes: None
	weekday: None
Feature 'intent_oot' (value: '1.0') could not be found in feature map. Make sure you added all intents and entities to the domain
Current tracker state [None, None, {}, {'intent_oot': 1.0, 'prev_action_listen': 1.0}]
There is no memorised next action
There is no active form
Predicted next action using policy_0_KerasPolicy
Predicted next action 'action_listen' with prob 0.52.
Action 'action_listen' ended with events '[]'
Rasa process starting
Added 'nlp_spacy' to component cache. Key 'nlp_spacy-en'.
Available web server routes: 
static                                             GET, HEAD, OPTIONS             /static/[filename]
custom_webhook_CmdlineInput.health                 GET, HEAD, OPTIONS             /webhooks/rest/
custom_webhook_CmdlineInput.receive                POST, OPTIONS                  /webhooks/rest/webhook
Rasa Core server is up and running on http://localhost:5005
Using selector: KqueueSelector
Rasa process starting
